<?xml version="1.0" encoding="UTF-8"?>
<!-- Generated by org.testng.reporters.JUnitXMLReporter -->
<testsuite ignored="0" hostname="DESKTOP-8SP5G0H" failures="1" tests="1" name="Windows-Firefox" time="0.01" errors="0" timestamp="2025-05-17T12:21:04 IST">
  <testcase classname="testCases.LoginTest" name="verify_login" time="0.002">
    <failure type="java.lang.AssertionError" message="null">
      <![CDATA[java.lang.AssertionError: null
at testCases.LoginTest.verify_login(LoginTest.java:42)
at java.base/java.util.ArrayList.forEach(ArrayList.java:1596)
... Removed 27 stack frames]]>
    </failure>
  </testcase> <!-- verify_login -->
</testsuite> <!-- Windows-Firefox -->
