<?xml version="1.0" encoding="UTF-8"?>
<testng-results ignored="0" total="2" passed="2" failed="0" skipped="0">
  <reporter-output>
  </reporter-output>
  <suite started-at="2025-05-19T20:36:14 IST" name="Suite" finished-at="2025-05-19T20:36:32 IST" duration-ms="18277">
    <groups>
    </groups>
    <test started-at="2025-05-19T20:36:14 IST" name="Linux-Chrome" finished-at="2025-05-19T20:36:23 IST" duration-ms="9045">
      <class name="testCases.LoginTest">
        <test-method is-config="true" signature="setUp(java.lang.String,java.lang.String)[pri:0, instance:testCases.LoginTest@131774fe]" started-at="2025-05-19T20:36:14 IST" name="setUp" finished-at="2025-05-19T20:36:21 IST" duration-ms="6254" status="PASS">
          <params>
            <param index="0">
              <value>
                <![CDATA[Linux]]>
              </value>
            </param>
            <param index="1">
              <value>
                <![CDATA[chrome]]>
              </value>
            </param>
          </params>
          <reporter-output>
          </reporter-output>
        </test-method> <!-- setUp -->
        <test-method signature="verify_login()[pri:0, instance:testCases.LoginTest@131774fe]" started-at="2025-05-19T20:36:21 IST" name="verify_login" finished-at="2025-05-19T20:36:23 IST" duration-ms="1913" status="PASS">
          <reporter-output>
          </reporter-output>
        </test-method> <!-- verify_login -->
        <test-method is-config="true" signature="tearDown()[pri:0, instance:testCases.LoginTest@131774fe]" started-at="2025-05-19T20:36:23 IST" name="tearDown" finished-at="2025-05-19T20:36:23 IST" duration-ms="677" status="PASS">
          <reporter-output>
          </reporter-output>
        </test-method> <!-- tearDown -->
      </class> <!-- testCases.LoginTest -->
    </test> <!-- Linux-Chrome -->
    <test started-at="2025-05-19T20:36:24 IST" name="Linux-Firefox" finished-at="2025-05-19T20:36:32 IST" duration-ms="8214">
      <class name="testCases.LoginTest">
        <test-method is-config="true" signature="setUp(java.lang.String,java.lang.String)[pri:0, instance:testCases.LoginTest@459e9125]" started-at="2025-05-19T20:36:24 IST" name="setUp" finished-at="2025-05-19T20:36:30 IST" duration-ms="6263" status="PASS">
          <params>
            <param index="0">
              <value>
                <![CDATA[Linux]]>
              </value>
            </param>
            <param index="1">
              <value>
                <![CDATA[firefox]]>
              </value>
            </param>
          </params>
          <reporter-output>
          </reporter-output>
        </test-method> <!-- setUp -->
        <test-method signature="verify_login()[pri:0, instance:testCases.LoginTest@459e9125]" started-at="2025-05-19T20:36:30 IST" name="verify_login" finished-at="2025-05-19T20:36:32 IST" duration-ms="1853" status="PASS">
          <reporter-output>
          </reporter-output>
        </test-method> <!-- verify_login -->
        <test-method is-config="true" signature="tearDown()[pri:0, instance:testCases.LoginTest@459e9125]" started-at="2025-05-19T20:36:32 IST" name="tearDown" finished-at="2025-05-19T20:36:32 IST" duration-ms="94" status="PASS">
          <reporter-output>
          </reporter-output>
        </test-method> <!-- tearDown -->
      </class> <!-- testCases.LoginTest -->
    </test> <!-- Linux-Firefox -->
  </suite> <!-- Suite -->
</testng-results>
