<?xml version="1.0" encoding="UTF-8"?>
<testng-results ignored="0" total="2" passed="2" failed="0" skipped="0">
  <reporter-output>
  </reporter-output>
  <suite started-at="2025-05-18T08:58:06 IST" name="Suite" finished-at="2025-05-18T08:58:51 IST" duration-ms="45664">
    <groups>
    </groups>
    <test started-at="2025-05-18T08:58:06 IST" name="Linux-Chrome" finished-at="2025-05-18T08:58:43 IST" duration-ms="37002">
      <class name="testCases.LoginTest">
        <test-method is-config="true" signature="setUp(java.lang.String,java.lang.String)[pri:0, instance:testCases.LoginTest@62ddbd7e]" started-at="2025-05-18T08:58:06 IST" name="setUp" finished-at="2025-05-18T08:58:40 IST" duration-ms="33725" status="PASS">
          <params>
            <param index="0">
              <value>
                <![CDATA[Linux]]>
              </value>
            </param>
            <param index="1">
              <value>
                <![CDATA[chrome]]>
              </value>
            </param>
          </params>
          <reporter-output>
          </reporter-output>
        </test-method> <!-- setUp -->
        <test-method signature="verify_login()[pri:0, instance:testCases.LoginTest@62ddbd7e]" started-at="2025-05-18T08:58:40 IST" name="verify_login" finished-at="2025-05-18T08:58:42 IST" duration-ms="2199" status="PASS">
          <reporter-output>
          </reporter-output>
        </test-method> <!-- verify_login -->
        <test-method is-config="true" signature="tearDown()[pri:0, instance:testCases.LoginTest@62ddbd7e]" started-at="2025-05-18T08:58:42 IST" name="tearDown" finished-at="2025-05-18T08:58:43 IST" duration-ms="813" status="PASS">
          <reporter-output>
          </reporter-output>
        </test-method> <!-- tearDown -->
      </class> <!-- testCases.LoginTest -->
    </test> <!-- Linux-Chrome -->
    <test started-at="2025-05-18T08:58:44 IST" name="Linux-Firefox" finished-at="2025-05-18T08:58:51 IST" duration-ms="7313">
      <class name="testCases.LoginTest">
        <test-method is-config="true" signature="setUp(java.lang.String,java.lang.String)[pri:0, instance:testCases.LoginTest@6f4a47c7]" started-at="2025-05-18T08:58:44 IST" name="setUp" finished-at="2025-05-18T08:58:49 IST" duration-ms="5296" status="PASS">
          <params>
            <param index="0">
              <value>
                <![CDATA[Linux]]>
              </value>
            </param>
            <param index="1">
              <value>
                <![CDATA[firefox]]>
              </value>
            </param>
          </params>
          <reporter-output>
          </reporter-output>
        </test-method> <!-- setUp -->
        <test-method signature="verify_login()[pri:0, instance:testCases.LoginTest@6f4a47c7]" started-at="2025-05-18T08:58:49 IST" name="verify_login" finished-at="2025-05-18T08:58:51 IST" duration-ms="1878" status="PASS">
          <reporter-output>
          </reporter-output>
        </test-method> <!-- verify_login -->
        <test-method is-config="true" signature="tearDown()[pri:0, instance:testCases.LoginTest@6f4a47c7]" started-at="2025-05-18T08:58:51 IST" name="tearDown" finished-at="2025-05-18T08:58:51 IST" duration-ms="132" status="PASS">
          <reporter-output>
          </reporter-output>
        </test-method> <!-- tearDown -->
      </class> <!-- testCases.LoginTest -->
    </test> <!-- Linux-Firefox -->
  </suite> <!-- Suite -->
</testng-results>
